/*C1*/SET SCHEMA SYSTEM_LOBS
INSERT INTO BLOCKS VALUES(0,2147483647,0)
COMMIT
/*C2*/SET SCHEMA PUBLIC
\u000d\u000a    create table Departamento (\u000d\u000a       id bigint generated by default as identity (start with 1),\u000d\u000a        NU_COD_POSTAL bigint,\u000d\u000a        NM_MUNICIPIO varchar(255),\u000d\u000a        NM_ESTADO varchar(255),\u000d\u000a        nome varchar(255),\u000d\u000a        orcamento numeric(19,2),\u000d\u000a        primary key (id)\u000d\u000a    )
\u000d\u000a    create table Documento (\u000d\u000a       id bigint generated by default as identity (start with 1),\u000d\u000a        numero bigint,\u000d\u000a        primary key (id)\u000d\u000a    )
\u000d\u000a    create table Empregado (\u000d\u000a       EMP_ID bigint generated by default as identity (start with 1),\u000d\u000a        email varchar(255),\u000d\u000a        NU_CEP bigint,\u000d\u000a        NM_CID varchar(255),\u000d\u000a        NM_ESTADO varchar(255),\u000d\u000a        nascimento timestamp,\u000d\u000a        nome varchar(255),\u000d\u000a        salario numeric(19,2),\u000d\u000a        FK_DEP bigint,\u000d\u000a        FK_DOCUMENTO bigint,\u000d\u000a        primary key (EMP_ID)\u000d\u000a    )
\u000d\u000a    create table PRJ_EMP (\u000d\u000a       PRJ_ID bigint not null,\u000d\u000a        EMP_ID bigint not null\u000d\u000a    )
\u000d\u000a    create table Projeto (\u000d\u000a       PRJ_ID bigint generated by default as identity (start with 1),\u000d\u000a        nome varchar(255),\u000d\u000a        primary key (PRJ_ID)\u000d\u000a    )
\u000d\u000a    create table TBL_TAR_REC (\u000d\u000a       periodicidade bigint,\u000d\u000a        ID_FK bigint not null,\u000d\u000a        primary key (ID_FK)\u000d\u000a    )
\u000d\u000a    create table TBL_TAR_UNI (\u000d\u000a       dataExecucao timestamp,\u000d\u000a        ID_FK bigint not null,\u000d\u000a        primary key (ID_FK)\u000d\u000a    )
\u000d\u000a    create table TBL_TAREFAS (\u000d\u000a       TIPO varchar(31) not null,\u000d\u000a        id bigint generated by default as identity (start with 1),\u000d\u000a        dataCriacao timestamp,\u000d\u000a        nome varchar(255),\u000d\u000a        empregado_EMP_ID bigint,\u000d\u000a        projeto_PRJ_ID bigint,\u000d\u000a        primary key (id)\u000d\u000a    )
\u000d\u000a    alter table Empregado \u000d\u000a       add constraint FKg8pgud3mebrteip0564maj6un \u000d\u000a       foreign key (FK_DEP) \u000d\u000a       references Departamento
\u000d\u000a    alter table Empregado \u000d\u000a       add constraint FK7y15bpoy4wpydp3vb95cq8fqw \u000d\u000a       foreign key (FK_DOCUMENTO) \u000d\u000a       references Documento
\u000d\u000a    alter table PRJ_EMP \u000d\u000a       add constraint FKag0yxgl84y6tgd6j4alwgyic3 \u000d\u000a       foreign key (EMP_ID) \u000d\u000a       references Empregado
\u000d\u000a    alter table PRJ_EMP \u000d\u000a       add constraint FK6u96omnt6c1m7jqc7xghwqwiq \u000d\u000a       foreign key (PRJ_ID) \u000d\u000a       references Projeto
\u000d\u000a    alter table TBL_TAR_REC \u000d\u000a       add constraint FK1s0qq9ucykesqyja588joj7la \u000d\u000a       foreign key (ID_FK) \u000d\u000a       references TBL_TAREFAS
\u000d\u000a    alter table TBL_TAR_UNI \u000d\u000a       add constraint FK6gwrb7rlt3h5vlp90vkqh8pmx \u000d\u000a       foreign key (ID_FK) \u000d\u000a       references TBL_TAREFAS
\u000d\u000a    alter table TBL_TAREFAS \u000d\u000a       add constraint FKorxepkl1o8c4b3cn2vwop59v5 \u000d\u000a       foreign key (empregado_EMP_ID) \u000d\u000a       references Empregado
\u000d\u000a    alter table TBL_TAREFAS \u000d\u000a       add constraint FKce68at2ylkxd19hp4xbnkf9oo \u000d\u000a       foreign key (projeto_PRJ_ID) \u000d\u000a       references Projeto
INSERT INTO TBL_TAREFAS VALUES('TU',1,NULL,NULL,NULL,NULL)
INSERT INTO TBL_TAR_UNI VALUES('2017-09-13 20:21:16.296000',1)
COMMIT
INSERT INTO TBL_TAREFAS VALUES('TR',2,NULL,NULL,NULL,NULL)
INSERT INTO TBL_TAR_REC VALUES(100,2)
COMMIT
DISCONNECT
/*C3*/SET SCHEMA PUBLIC
\u000d\u000a    alter table PUBLIC.EMPREGADO \u000d\u000a       add column Versao bigint
INSERT INTO DEPARTAMENTO VALUES(1,60310000,'Fortaleza','CE','TI',5000.00)
COMMIT
INSERT INTO DOCUMENTO VALUES(1,4546886)
COMMIT
INSERT INTO EMPREGADO VALUES(1,'teste@teste.com',60732250,'Maracanau','CE','2017-09-13 21:48:42.919000','Andre',4.00,1,1,0)
COMMIT
INSERT INTO PROJETO VALUES(1,'Java')
INSERT INTO PRJ_EMP VALUES(1,1)
COMMIT
DISCONNECT
/*C4*/SET SCHEMA PUBLIC
INSERT INTO DEPARTAMENTO VALUES(2,60310000,'Fortaleza','CE','TI',5000.00)
COMMIT
INSERT INTO DOCUMENTO VALUES(2,4546886)
COMMIT
INSERT INTO EMPREGADO VALUES(2,'teste@teste.com',60732250,'Maracanau','CE','2017-09-13 21:50:03.504000','Andre',4.00,2,2,0)
COMMIT
INSERT INTO PROJETO VALUES(2,'Java')
INSERT INTO PRJ_EMP VALUES(2,2)
COMMIT
DISCONNECT
/*C5*/SET SCHEMA PUBLIC
INSERT INTO DEPARTAMENTO VALUES(3,60310000,'Fortaleza','CE','TI',5000.00)
COMMIT
INSERT INTO DOCUMENTO VALUES(3,4546886)
COMMIT
INSERT INTO EMPREGADO VALUES(3,'teste@teste.com',60732250,'Maracanau','CE','2017-09-13 21:51:42.076000','Andre',4.00,3,3,0)
COMMIT
INSERT INTO PROJETO VALUES(3,'Java')
INSERT INTO PRJ_EMP VALUES(3,3)
COMMIT
DISCONNECT
/*C6*/SET SCHEMA PUBLIC
INSERT INTO DEPARTAMENTO VALUES(4,60310000,'Fortaleza','CE','TI',5000.00)
COMMIT
INSERT INTO DOCUMENTO VALUES(4,4546886)
COMMIT
INSERT INTO EMPREGADO VALUES(4,'teste@teste.com',60732250,'Maracanau','CE','2017-09-13 21:52:20.714000','Andre',4.00,4,4,0)
COMMIT
INSERT INTO PROJETO VALUES(4,'Java')
INSERT INTO PRJ_EMP VALUES(4,4)
COMMIT
DISCONNECT
/*C7*/SET SCHEMA PUBLIC
INSERT INTO DEPARTAMENTO VALUES(5,60310000,'Fortaleza','CE','TI',5000.00)
COMMIT
INSERT INTO DOCUMENTO VALUES(5,4546886)
COMMIT
INSERT INTO EMPREGADO VALUES(5,'teste@teste.com',60732250,'Maracanau','CE','2017-09-13 21:58:56.985000','Andre',4.00,5,5,0)
COMMIT
INSERT INTO PROJETO VALUES(5,'Java')
INSERT INTO PRJ_EMP VALUES(5,5)
COMMIT
DISCONNECT
/*C8*/SET SCHEMA PUBLIC
INSERT INTO DEPARTAMENTO VALUES(6,60310000,'Fortaleza','CE','TI',5000.00)
COMMIT
INSERT INTO DOCUMENTO VALUES(6,4546886)
COMMIT
INSERT INTO EMPREGADO VALUES(6,'teste@teste.com',60732250,'Maracanau','CE','2017-09-13 21:59:34.669000','Andre',4.00,6,6,0)
COMMIT
INSERT INTO PROJETO VALUES(6,'Java')
INSERT INTO PRJ_EMP VALUES(6,6)
COMMIT
DISCONNECT
